<?xml version="1.0" encoding="UTF-8"?>
<testsuite name="Automation-Testing-Project1"
           tests="1"
           failures="1"
           errors="0"
           skipped="0"
           time="2.412">
    <properties></properties>

            <testcase
                name="testsearch"
                time="2.412"
                classname="com.vwologin.AutomationChallenge1.google">

            <failure type="org.openqa.selenium.WebDriverException" message="unknown error: net::ERR_ADDRESS_UNREACHABLE
  (Session info: MicrosoftEdge=127.0.2651.86)
Build info: version: &apos;4.22.0&apos;, revision: &apos;c5f3146703*&apos;
System info: os.name: &apos;Linux&apos;, os.arch: &apos;amd64&apos;, os.version: &apos;6.8.0-40-generic&apos;, java.version: &apos;22&apos;
Driver info: org.openqa.selenium.edge.EdgeDriver
Command: [3bd61a18c30d12569c74d79cd7708b84, get {url=https://www.google.com}]
Capabilities {acceptInsecureCerts: false, browserName: MicrosoftEdge, browserVersion: 127.0.2651.86, fedcm:accounts: true, ms:edgeOptions: {debuggerAddress: localhost:46579}, msedge: {msedgedriverVersion: 127.0.2651.87 (6ea9120dfb2f..., userDataDir: /tmp/.com.microsoft.Edge.Oh...}, networkConnectionEnabled: false, pageLoadStrategy: normal, platformName: linux, proxy: Proxy(), se:cdp: ws://localhost:46579/devtoo..., se:cdpVersion: 127.0.2651.86, setWindowRect: true, strictFileInteractability: false, timeouts: {implicit: 0, pageLoad: 300000, script: 30000}, unhandledPromptBehavior: dismiss and notify, webauthn:extension:credBlob: true, webauthn:extension:largeBlob: true, webauthn:extension:minPinLength: true, webauthn:extension:prf: true, webauthn:virtualAuthenticators: true}
Session ID: 3bd61a18c30d12569c74d79cd7708b84">
                <![CDATA[org.openqa.selenium.WebDriverException: unknown error: net::ERR_ADDRESS_UNREACHABLE
  (Session info: MicrosoftEdge=127.0.2651.86)
Build info: version: '4.22.0', revision: 'c5f3146703*'
System info: os.name: 'Linux', os.arch: 'amd64', os.version: '6.8.0-40-generic', java.version: '22'
Driver info: org.openqa.selenium.edge.EdgeDriver
Command: [3bd61a18c30d12569c74d79cd7708b84, get {url=https://www.google.com}]
Capabilities {acceptInsecureCerts: false, browserName: MicrosoftEdge, browserVersion: 127.0.2651.86, fedcm:accounts: true, ms:edgeOptions: {debuggerAddress: localhost:46579}, msedge: {msedgedriverVersion: 127.0.2651.87 (6ea9120dfb2f..., userDataDir: /tmp/.com.microsoft.Edge.Oh...}, networkConnectionEnabled: false, pageLoadStrategy: normal, platformName: linux, proxy: Proxy(), se:cdp: ws://localhost:46579/devtoo..., se:cdpVersion: 127.0.2651.86, setWindowRect: true, strictFileInteractability: false, timeouts: {implicit: 0, pageLoad: 300000, script: 30000}, unhandledPromptBehavior: dismiss and notify, webauthn:extension:credBlob: true, webauthn:extension:largeBlob: true, webauthn:extension:minPinLength: true, webauthn:extension:prf: true, webauthn:virtualAuthenticators: true}
Session ID: 3bd61a18c30d12569c74d79cd7708b84
                java.base/jdk.internal.reflect.DirectConstructorHandleAccessor.newInstance(DirectConstructorHandleAccessor.java:62)java.base/java.lang.reflect.Constructor.newInstanceWithCaller(Constructor.java:502)java.base/java.lang.reflect.Constructor.newInstance(Constructor.java:486)org.openqa.selenium.remote.ErrorCodec.decode(ErrorCodec.java:167)org.openqa.selenium.remote.codec.w3c.W3CHttpResponseCodec.decode(W3CHttpResponseCodec.java:138)org.openqa.selenium.remote.codec.w3c.W3CHttpResponseCodec.decode(W3CHttpResponseCodec.java:50)org.openqa.selenium.remote.HttpCommandExecutor.execute(HttpCommandExecutor.java:190)org.openqa.selenium.remote.service.DriverCommandExecutor.invokeExecute(DriverCommandExecutor.java:216)org.openqa.selenium.remote.service.DriverCommandExecutor.execute(DriverCommandExecutor.java:174)org.openqa.selenium.remote.RemoteWebDriver.execute(RemoteWebDriver.java:518)org.openqa.selenium.remote.RemoteWebDriver.get(RemoteWebDriver.java:300)com.vwologin.AutomationChallenge1.google.testsearch(google.java:26)java.base/jdk.internal.reflect.DirectMethodHandleAccessor.invoke(DirectMethodHandleAccessor.java:103)java.base/java.lang.reflect.Method.invoke(Method.java:580)org.testng.internal.invokers.MethodInvocationHelper.invokeMethod(MethodInvocationHelper.java:141)org.testng.internal.invokers.TestInvoker.invokeMethod(TestInvoker.java:686)org.testng.internal.invokers.TestInvoker.invokeTestMethod(TestInvoker.java:230)org.testng.internal.invokers.MethodRunner.runInSequence(MethodRunner.java:63)org.testng.internal.invokers.TestInvoker$MethodInvocationAgent.invoke(TestInvoker.java:992)org.testng.internal.invokers.TestInvoker.invokeTestMethods(TestInvoker.java:203)org.testng.internal.invokers.TestMethodWorker.invokeTestMethods(TestMethodWorker.java:154)org.testng.internal.invokers.TestMethodWorker.run(TestMethodWorker.java:134)java.base/java.util.ArrayList.forEach(ArrayList.java:1597)org.testng.TestRunner.privateRun(TestRunner.java:739)org.testng.TestRunner.run(TestRunner.java:614)org.testng.SuiteRunner.runTest(SuiteRunner.java:421)org.testng.SuiteRunner.runSequentially(SuiteRunner.java:413)org.testng.SuiteRunner.privateRun(SuiteRunner.java:373)org.testng.SuiteRunner.run(SuiteRunner.java:312)org.testng.SuiteRunnerWorker.runSuite(SuiteRunnerWorker.java:52)org.testng.SuiteRunnerWorker.run(SuiteRunnerWorker.java:95)org.testng.TestNG.runSuitesSequentially(TestNG.java:1274)org.testng.TestNG.runSuitesLocally(TestNG.java:1208)org.testng.TestNG.runSuites(TestNG.java:1112)org.testng.TestNG.run(TestNG.java:1079)com.intellij.rt.testng.IDEARemoteTestNG.run(IDEARemoteTestNG.java:65)com.intellij.rt.testng.RemoteTestNGStarter.main(RemoteTestNGStarter.java:105)
]]>
            </failure>
    </testcase>


</testsuite>
